2020-04-26T20:45:20+00:00 DEBUG 
====Stripe Version: 4.3.3====
====Start Log====
customers/cus_H8m2lHrLRQY5km/sources request: Array
(
    [limit] => 100
)

====End Log====


2020-04-26T20:45:21+00:00 DEBUG 
====Stripe Version: 4.3.3====
====Start Log====
customers/cus_H8m2lHrLRQY5km/sources request: Array
(
    [limit] => 100
)

====End Log====


2020-04-26T20:45:23+00:00 DEBUG 
====Stripe Version: 4.3.3====
====Start Log====
customers/cus_H8m2lHrLRQY5km/sources request: Array
(
    [limit] => 100
)

====End Log====


2020-04-26T20:45:23+00:00 DEBUG 
====Stripe Version: 4.3.3====
====Start Log====
customers/cus_H8m2lHrLRQY5km/sources request: Array
(
    [limit] => 100
)

====End Log====


2020-04-26T20:49:25+00:00 DEBUG 
====Stripe Version: 4.3.3====
====Start Log====
customers/cus_H8m2lHrLRQY5km/sources request: Array
(
    [limit] => 100
)

====End Log====


2020-04-26T20:49:26+00:00 DEBUG 
====Stripe Version: 4.3.3====
====Start Log====
customers/cus_H8m2lHrLRQY5km/sources request: Array
(
    [limit] => 100
)

====End Log====


2020-04-26T20:49:27+00:00 DEBUG 
====Stripe Version: 4.3.3====
====Start Log====
customers/cus_H8m2lHrLRQY5km/sources request: Array
(
    [limit] => 100
)

====End Log====


2020-04-26T20:49:27+00:00 DEBUG 
====Stripe Version: 4.3.3====
====Start Log====
customers/cus_H8m2lHrLRQY5km/sources request: Array
(
    [limit] => 100
)

====End Log====


2020-04-26T20:50:33+00:00 DEBUG 
====Stripe Version: 4.3.3====
====Start Log====
customers/cus_H8m2lHrLRQY5km/sources request: Array
(
    [limit] => 100
)

====End Log====


2020-04-26T20:50:33+00:00 DEBUG 
====Stripe Version: 4.3.3====
====Start Log====
customers/cus_H8m2lHrLRQY5km/sources request: Array
(
    [limit] => 100
)

====End Log====


2020-04-26T20:50:35+00:00 DEBUG 
====Stripe Version: 4.3.3====
====Start Log====
customers/cus_H8m2lHrLRQY5km/sources request: Array
(
    [limit] => 100
)

====End Log====


2020-04-26T20:50:35+00:00 DEBUG 
====Stripe Version: 4.3.3====
====Start Log====
customers/cus_H8m2lHrLRQY5km/sources request: Array
(
    [limit] => 100
)

====End Log====


2020-04-26T22:12:39+00:00 DEBUG 
====Stripe Version: 4.3.3====
====Start Log====
customers/cus_H8m2lHrLRQY5km/sources request: Array
(
    [limit] => 100
)

====End Log====


2020-04-26T22:12:39+00:00 DEBUG 
====Stripe Version: 4.3.3====
====Start Log====
customers/cus_H8m2lHrLRQY5km/sources request: Array
(
    [limit] => 100
)

====End Log====


2020-04-26T22:12:42+00:00 DEBUG 
====Stripe Version: 4.3.3====
====Start Log====
customers/cus_H8m2lHrLRQY5km/sources request: Array
(
    [limit] => 100
)

====End Log====


2020-04-26T22:12:42+00:00 DEBUG 
====Stripe Version: 4.3.3====
====Start Log====
customers/cus_H8m2lHrLRQY5km/sources request: Array
(
    [limit] => 100
)

====End Log====


2020-04-26T22:14:29+00:00 DEBUG 
====Stripe Version: 4.3.3====
====Start Log====
customers/cus_H8m2lHrLRQY5km/sources request: Array
(
    [limit] => 100
)

====End Log====


2020-04-26T22:14:29+00:00 DEBUG 
====Stripe Version: 4.3.3====
====Start Log====
customers/cus_H8m2lHrLRQY5km/sources request: Array
(
    [limit] => 100
)

====End Log====


2020-04-26T22:14:31+00:00 DEBUG 
====Stripe Version: 4.3.3====
====Start Log====
customers/cus_H8m2lHrLRQY5km/sources request: Array
(
    [limit] => 100
)

====End Log====


2020-04-26T22:14:31+00:00 DEBUG 
====Stripe Version: 4.3.3====
====Start Log====
customers/cus_H8m2lHrLRQY5km/sources request: Array
(
    [limit] => 100
)

====End Log====


