2020-04-30T21:56:38+00:00 DEBUG 
====Stripe Version: 4.3.3====
====Start Log====
customers/cus_H8m2lHrLRQY5km/sources request: Array
(
    [limit] => 100
)

====End Log====


2020-04-30T21:56:38+00:00 DEBUG 
====Stripe Version: 4.3.3====
====Start Log====
customers/cus_H8m2lHrLRQY5km/sources request: Array
(
    [limit] => 100
)

====End Log====


2020-04-30T21:56:40+00:00 DEBUG 
====Stripe Version: 4.3.3====
====Start Log====
customers/cus_H8m2lHrLRQY5km/sources request: Array
(
    [limit] => 100
)

====End Log====


2020-04-30T21:56:40+00:00 DEBUG 
====Stripe Version: 4.3.3====
====Start Log====
customers/cus_H8m2lHrLRQY5km/sources request: Array
(
    [limit] => 100
)

====End Log====


2020-04-30T21:57:45+00:00 DEBUG 
====Stripe Version: 4.3.3====
====Start Log====
customers/cus_H8m2lHrLRQY5km/sources request: Array
(
    [limit] => 100
)

====End Log====


2020-04-30T21:57:45+00:00 DEBUG 
====Stripe Version: 4.3.3====
====Start Log====
customers/cus_H8m2lHrLRQY5km/sources request: Array
(
    [limit] => 100
)

====End Log====


2020-04-30T21:57:47+00:00 DEBUG 
====Stripe Version: 4.3.3====
====Start Log====
customers/cus_H8m2lHrLRQY5km/sources request: Array
(
    [limit] => 100
)

====End Log====


2020-04-30T21:57:47+00:00 DEBUG 
====Stripe Version: 4.3.3====
====Start Log====
customers/cus_H8m2lHrLRQY5km/sources request: Array
(
    [limit] => 100
)

====End Log====


2020-04-30T22:01:20+00:00 DEBUG 
====Stripe Version: 4.3.3====
====Start Log====
customers/cus_H8m2lHrLRQY5km/sources request: Array
(
    [limit] => 100
)

====End Log====


2020-04-30T22:01:21+00:00 DEBUG 
====Stripe Version: 4.3.3====
====Start Log====
customers/cus_H8m2lHrLRQY5km/sources request: Array
(
    [limit] => 100
)

====End Log====


2020-04-30T22:01:23+00:00 DEBUG 
====Stripe Version: 4.3.3====
====Start Log====
customers/cus_H8m2lHrLRQY5km/sources request: Array
(
    [limit] => 100
)

====End Log====


2020-04-30T22:01:23+00:00 DEBUG 
====Stripe Version: 4.3.3====
====Start Log====
customers/cus_H8m2lHrLRQY5km/sources request: Array
(
    [limit] => 100
)

====End Log====


2020-04-30T22:01:42+00:00 DEBUG 
====Stripe Version: 4.3.3====
====Start Log====
customers/cus_H8m2lHrLRQY5km/sources request: Array
(
    [limit] => 100
)

====End Log====


2020-04-30T22:01:42+00:00 DEBUG 
====Stripe Version: 4.3.3====
====Start Log====
customers/cus_H8m2lHrLRQY5km/sources request: Array
(
    [limit] => 100
)

====End Log====


2020-04-30T22:01:44+00:00 DEBUG 
====Stripe Version: 4.3.3====
====Start Log====
customers/cus_H8m2lHrLRQY5km/sources request: Array
(
    [limit] => 100
)

====End Log====


2020-04-30T22:01:44+00:00 DEBUG 
====Stripe Version: 4.3.3====
====Start Log====
customers/cus_H8m2lHrLRQY5km/sources request: Array
(
    [limit] => 100
)

====End Log====


2020-04-30T22:02:20+00:00 DEBUG 
====Stripe Version: 4.3.3====
====Start Log====
customers/cus_H8m2lHrLRQY5km/sources request: Array
(
    [limit] => 100
)

====End Log====


2020-04-30T22:02:20+00:00 DEBUG 
====Stripe Version: 4.3.3====
====Start Log====
customers/cus_H8m2lHrLRQY5km/sources request: Array
(
    [limit] => 100
)

====End Log====


2020-04-30T22:02:22+00:00 DEBUG 
====Stripe Version: 4.3.3====
====Start Log====
customers/cus_H8m2lHrLRQY5km/sources request: Array
(
    [limit] => 100
)

====End Log====


2020-04-30T22:02:22+00:00 DEBUG 
====Stripe Version: 4.3.3====
====Start Log====
customers/cus_H8m2lHrLRQY5km/sources request: Array
(
    [limit] => 100
)

====End Log====


2020-04-30T22:29:54+00:00 DEBUG 
====Stripe Version: 4.3.3====
====Start Log====
customers/cus_H8m2lHrLRQY5km/sources request: Array
(
    [limit] => 100
)

====End Log====


2020-04-30T22:29:54+00:00 DEBUG 
====Stripe Version: 4.3.3====
====Start Log====
customers/cus_H8m2lHrLRQY5km/sources request: Array
(
    [limit] => 100
)

====End Log====


2020-04-30T22:29:56+00:00 DEBUG 
====Stripe Version: 4.3.3====
====Start Log====
customers/cus_H8m2lHrLRQY5km/sources request: Array
(
    [limit] => 100
)

====End Log====


2020-04-30T22:29:56+00:00 DEBUG 
====Stripe Version: 4.3.3====
====Start Log====
customers/cus_H8m2lHrLRQY5km/sources request: Array
(
    [limit] => 100
)

====End Log====


