2020-04-28T20:35:20+00:00 DEBUG 
====Stripe Version: 4.3.3====
====Start Log====
customers/cus_H8m2lHrLRQY5km/sources request: Array
(
    [limit] => 100
)

====End Log====


2020-04-28T20:35:21+00:00 DEBUG 
====Stripe Version: 4.3.3====
====Start Log====
customers/cus_H8m2lHrLRQY5km/sources request: Array
(
    [limit] => 100
)

====End Log====


2020-04-28T20:35:23+00:00 DEBUG 
====Stripe Version: 4.3.3====
====Start Log====
customers/cus_H8m2lHrLRQY5km/sources request: Array
(
    [limit] => 100
)

====End Log====


2020-04-28T20:35:23+00:00 DEBUG 
====Stripe Version: 4.3.3====
====Start Log====
customers/cus_H8m2lHrLRQY5km/sources request: Array
(
    [limit] => 100
)

====End Log====


2020-04-28T20:36:28+00:00 DEBUG 
====Stripe Version: 4.3.3====
====Start Log====
customers/cus_H8m2lHrLRQY5km/sources request: Array
(
    [limit] => 100
)

====End Log====


2020-04-28T20:36:29+00:00 DEBUG 
====Stripe Version: 4.3.3====
====Start Log====
customers/cus_H8m2lHrLRQY5km/sources request: Array
(
    [limit] => 100
)

====End Log====


2020-04-28T20:36:30+00:00 DEBUG 
====Stripe Version: 4.3.3====
====Start Log====
customers/cus_H8m2lHrLRQY5km/sources request: Array
(
    [limit] => 100
)

====End Log====


2020-04-28T20:36:30+00:00 DEBUG 
====Stripe Version: 4.3.3====
====Start Log====
customers/cus_H8m2lHrLRQY5km/sources request: Array
(
    [limit] => 100
)

====End Log====


2020-04-28T20:43:15+00:00 DEBUG 
====Stripe Version: 4.3.3====
====Start Log====
customers/cus_H8m2lHrLRQY5km/sources request: Array
(
    [limit] => 100
)

====End Log====


2020-04-28T20:43:15+00:00 DEBUG 
====Stripe Version: 4.3.3====
====Start Log====
customers/cus_H8m2lHrLRQY5km/sources request: Array
(
    [limit] => 100
)

====End Log====


2020-04-28T20:43:17+00:00 DEBUG 
====Stripe Version: 4.3.3====
====Start Log====
customers/cus_H8m2lHrLRQY5km/sources request: Array
(
    [limit] => 100
)

====End Log====


2020-04-28T20:43:17+00:00 DEBUG 
====Stripe Version: 4.3.3====
====Start Log====
customers/cus_H8m2lHrLRQY5km/sources request: Array
(
    [limit] => 100
)

====End Log====


2020-04-28T20:49:41+00:00 DEBUG 
====Stripe Version: 4.3.3====
====Start Log====
customers/cus_H8m2lHrLRQY5km/sources request: Array
(
    [limit] => 100
)

====End Log====


2020-04-28T20:49:42+00:00 DEBUG 
====Stripe Version: 4.3.3====
====Start Log====
customers/cus_H8m2lHrLRQY5km/sources request: Array
(
    [limit] => 100
)

====End Log====


2020-04-28T20:49:42+00:00 DEBUG 
====Stripe Version: 4.3.3====
====Start Log====
customers/cus_H8m2lHrLRQY5km/sources request: Array
(
    [limit] => 100
)

====End Log====


2020-04-28T20:49:42+00:00 DEBUG 
====Stripe Version: 4.3.3====
====Start Log====
customers/cus_H8m2lHrLRQY5km/sources request: Array
(
    [limit] => 100
)

====End Log====


2020-04-28T20:49:43+00:00 DEBUG 
====Stripe Version: 4.3.3====
====Start Log====
customers/cus_H8m2lHrLRQY5km/sources request: Array
(
    [limit] => 100
)

====End Log====


2020-04-28T20:49:44+00:00 DEBUG 
====Stripe Version: 4.3.3====
====Start Log====
customers/cus_H8m2lHrLRQY5km/sources request: Array
(
    [limit] => 100
)

====End Log====


2020-04-28T20:49:45+00:00 DEBUG 
====Stripe Version: 4.3.3====
====Start Log====
customers/cus_H8m2lHrLRQY5km/sources request: Array
(
    [limit] => 100
)

====End Log====


2020-04-28T20:49:45+00:00 DEBUG 
====Stripe Version: 4.3.3====
====Start Log====
customers/cus_H8m2lHrLRQY5km/sources request: Array
(
    [limit] => 100
)

====End Log====


2020-04-28T20:49:45+00:00 DEBUG 
====Stripe Version: 4.3.3====
====Start Log====
customers/cus_H8m2lHrLRQY5km/sources request: Array
(
    [limit] => 100
)

====End Log====


2020-04-28T20:49:46+00:00 DEBUG 
====Stripe Version: 4.3.3====
====Start Log====
customers/cus_H8m2lHrLRQY5km/sources request: Array
(
    [limit] => 100
)

====End Log====


2020-04-28T20:49:48+00:00 DEBUG 
====Stripe Version: 4.3.3====
====Start Log====
customers/cus_H8m2lHrLRQY5km/sources request: Array
(
    [limit] => 100
)

====End Log====


2020-04-28T20:49:48+00:00 DEBUG 
====Stripe Version: 4.3.3====
====Start Log====
customers/cus_H8m2lHrLRQY5km/sources request: Array
(
    [limit] => 100
)

====End Log====


2020-04-28T20:49:49+00:00 DEBUG 
====Stripe Version: 4.3.3====
====Start Log====
customers/cus_H8m2lHrLRQY5km/sources request: Array
(
    [limit] => 100
)

====End Log====


2020-04-28T20:49:49+00:00 DEBUG 
====Stripe Version: 4.3.3====
====Start Log====
customers/cus_H8m2lHrLRQY5km/sources request: Array
(
    [limit] => 100
)

====End Log====


2020-04-28T21:13:02+00:00 DEBUG 
====Stripe Version: 4.3.3====
====Start Log====
customers/cus_H8m2lHrLRQY5km/sources request: Array
(
    [limit] => 100
)

====End Log====


2020-04-28T21:13:02+00:00 DEBUG 
====Stripe Version: 4.3.3====
====Start Log====
customers/cus_H8m2lHrLRQY5km/sources request: Array
(
    [limit] => 100
)

====End Log====


2020-04-28T21:13:04+00:00 DEBUG 
====Stripe Version: 4.3.3====
====Start Log====
customers/cus_H8m2lHrLRQY5km/sources request: Array
(
    [limit] => 100
)

====End Log====


2020-04-28T21:13:05+00:00 DEBUG 
====Stripe Version: 4.3.3====
====Start Log====
customers/cus_H8m2lHrLRQY5km/sources request: Array
(
    [limit] => 100
)

====End Log====


2020-04-28T21:16:07+00:00 DEBUG 
====Stripe Version: 4.3.3====
====Start Log====
customers/cus_H8m2lHrLRQY5km/sources request: Array
(
    [limit] => 100
)

====End Log====


2020-04-28T21:16:07+00:00 DEBUG 
====Stripe Version: 4.3.3====
====Start Log====
customers/cus_H8m2lHrLRQY5km/sources request: Array
(
    [limit] => 100
)

====End Log====


2020-04-28T21:16:09+00:00 DEBUG 
====Stripe Version: 4.3.3====
====Start Log====
customers/cus_H8m2lHrLRQY5km/sources request: Array
(
    [limit] => 100
)

====End Log====


2020-04-28T21:16:09+00:00 DEBUG 
====Stripe Version: 4.3.3====
====Start Log====
customers/cus_H8m2lHrLRQY5km/sources request: Array
(
    [limit] => 100
)

====End Log====


2020-04-28T21:16:45+00:00 DEBUG 
====Stripe Version: 4.3.3====
====Start Log====
customers/cus_H8m2lHrLRQY5km/sources request: Array
(
    [limit] => 100
)

====End Log====


2020-04-28T21:16:45+00:00 DEBUG 
====Stripe Version: 4.3.3====
====Start Log====
customers/cus_H8m2lHrLRQY5km/sources request: Array
(
    [limit] => 100
)

====End Log====


2020-04-28T21:16:48+00:00 DEBUG 
====Stripe Version: 4.3.3====
====Start Log====
customers/cus_H8m2lHrLRQY5km/sources request: Array
(
    [limit] => 100
)

====End Log====


2020-04-28T21:16:48+00:00 DEBUG 
====Stripe Version: 4.3.3====
====Start Log====
customers/cus_H8m2lHrLRQY5km/sources request: Array
(
    [limit] => 100
)

====End Log====


