2020-05-01T19:53:26+00:00 DEBUG 
====Stripe Version: 4.3.3====
====Start Log====
customers/cus_H8m2lHrLRQY5km/sources request: Array
(
    [limit] => 100
)

====End Log====


2020-05-01T19:53:26+00:00 DEBUG 
====Stripe Version: 4.3.3====
====Start Log====
customers/cus_H8m2lHrLRQY5km/sources request: Array
(
    [limit] => 100
)

====End Log====


2020-05-01T19:53:28+00:00 DEBUG 
====Stripe Version: 4.3.3====
====Start Log====
customers/cus_H8m2lHrLRQY5km/sources request: Array
(
    [limit] => 100
)

====End Log====


2020-05-01T19:53:29+00:00 DEBUG 
====Stripe Version: 4.3.3====
====Start Log====
customers/cus_H8m2lHrLRQY5km/sources request: Array
(
    [limit] => 100
)

====End Log====


2020-05-01T20:13:21+00:00 DEBUG 
====Stripe Version: 4.3.3====
====Start Log====
customers/cus_H8m2lHrLRQY5km/sources request: Array
(
    [limit] => 100
)

====End Log====


2020-05-01T20:13:21+00:00 DEBUG 
====Stripe Version: 4.3.3====
====Start Log====
customers/cus_H8m2lHrLRQY5km/sources request: Array
(
    [limit] => 100
)

====End Log====


2020-05-01T20:13:24+00:00 DEBUG 
====Stripe Version: 4.3.3====
====Start Log====
customers/cus_H8m2lHrLRQY5km/sources request: Array
(
    [limit] => 100
)

====End Log====


2020-05-01T20:13:25+00:00 DEBUG 
====Stripe Version: 4.3.3====
====Start Log====
customers/cus_H8m2lHrLRQY5km/sources request: Array
(
    [limit] => 100
)

====End Log====


2020-05-01T20:42:21+00:00 DEBUG 
====Stripe Version: 4.3.3====
====Start Log====
customers/cus_H8m2lHrLRQY5km/sources request: Array
(
    [limit] => 100
)

====End Log====


2020-05-01T20:42:21+00:00 DEBUG 
====Stripe Version: 4.3.3====
====Start Log====
customers/cus_H8m2lHrLRQY5km/sources request: Array
(
    [limit] => 100
)

====End Log====


2020-05-01T20:42:23+00:00 DEBUG 
====Stripe Version: 4.3.3====
====Start Log====
customers/cus_H8m2lHrLRQY5km/sources request: Array
(
    [limit] => 100
)

====End Log====


2020-05-01T20:42:23+00:00 DEBUG 
====Stripe Version: 4.3.3====
====Start Log====
customers/cus_H8m2lHrLRQY5km/sources request: Array
(
    [limit] => 100
)

====End Log====


2020-05-01T20:43:18+00:00 DEBUG 
====Stripe Version: 4.3.3====
====Start Log====
customers/cus_H8m2lHrLRQY5km/sources request: Array
(
    [limit] => 100
)

====End Log====


2020-05-01T20:43:18+00:00 DEBUG 
====Stripe Version: 4.3.3====
====Start Log====
customers/cus_H8m2lHrLRQY5km/sources request: Array
(
    [limit] => 100
)

====End Log====


2020-05-01T20:43:20+00:00 DEBUG 
====Stripe Version: 4.3.3====
====Start Log====
customers/cus_H8m2lHrLRQY5km/sources request: Array
(
    [limit] => 100
)

====End Log====


2020-05-01T20:43:21+00:00 DEBUG 
====Stripe Version: 4.3.3====
====Start Log====
customers/cus_H8m2lHrLRQY5km/sources request: Array
(
    [limit] => 100
)

====End Log====


2020-05-01T20:45:40+00:00 DEBUG 
====Stripe Version: 4.3.3====
====Start Log====
customers/cus_H8m2lHrLRQY5km/sources request: Array
(
    [limit] => 100
)

====End Log====


2020-05-01T20:45:40+00:00 DEBUG 
====Stripe Version: 4.3.3====
====Start Log====
customers/cus_H8m2lHrLRQY5km/sources request: Array
(
    [limit] => 100
)

====End Log====


2020-05-01T20:45:42+00:00 DEBUG 
====Stripe Version: 4.3.3====
====Start Log====
customers/cus_H8m2lHrLRQY5km/sources request: Array
(
    [limit] => 100
)

====End Log====


2020-05-01T20:45:42+00:00 DEBUG 
====Stripe Version: 4.3.3====
====Start Log====
customers/cus_H8m2lHrLRQY5km/sources request: Array
(
    [limit] => 100
)

====End Log====


2020-05-01T20:46:26+00:00 DEBUG 
====Stripe Version: 4.3.3====
====Start Log====
customers/cus_H8m2lHrLRQY5km/sources request: Array
(
    [limit] => 100
)

====End Log====


2020-05-01T20:46:27+00:00 DEBUG 
====Stripe Version: 4.3.3====
====Start Log====
customers/cus_H8m2lHrLRQY5km/sources request: Array
(
    [limit] => 100
)

====End Log====


2020-05-01T20:46:47+00:00 DEBUG 
====Stripe Version: 4.3.3====
====Start Log====
customers/cus_H8m2lHrLRQY5km/sources request: Array
(
    [limit] => 100
)

====End Log====


2020-05-01T20:46:47+00:00 DEBUG 
====Stripe Version: 4.3.3====
====Start Log====
customers/cus_H8m2lHrLRQY5km/sources request: Array
(
    [limit] => 100
)

====End Log====


2020-05-01T20:46:49+00:00 DEBUG 
====Stripe Version: 4.3.3====
====Start Log====
customers/cus_H8m2lHrLRQY5km/sources request: Array
(
    [limit] => 100
)

====End Log====


2020-05-01T20:46:50+00:00 DEBUG 
====Stripe Version: 4.3.3====
====Start Log====
customers/cus_H8m2lHrLRQY5km/sources request: Array
(
    [limit] => 100
)

====End Log====


2020-05-01T20:52:04+00:00 DEBUG 
====Stripe Version: 4.3.3====
====Start Log====
customers/cus_H8m2lHrLRQY5km/sources request: Array
(
    [limit] => 100
)

====End Log====


2020-05-01T20:52:04+00:00 DEBUG 
====Stripe Version: 4.3.3====
====Start Log====
customers/cus_H8m2lHrLRQY5km/sources request: Array
(
    [limit] => 100
)

====End Log====


2020-05-01T20:52:14+00:00 DEBUG 
====Stripe Version: 4.3.3====
====Start Log====
customers/cus_H8m2lHrLRQY5km/sources request: Array
(
    [limit] => 100
)

====End Log====


2020-05-01T20:52:14+00:00 DEBUG 
====Stripe Version: 4.3.3====
====Start Log====
customers/cus_H8m2lHrLRQY5km/sources request: Array
(
    [limit] => 100
)

====End Log====


2020-05-01T20:52:22+00:00 DEBUG 
====Stripe Version: 4.3.3====
====Start Log====
customers/cus_H8m2lHrLRQY5km/sources request: Array
(
    [limit] => 100
)

====End Log====


2020-05-01T20:52:22+00:00 DEBUG 
====Stripe Version: 4.3.3====
====Start Log====
customers/cus_H8m2lHrLRQY5km/sources request: Array
(
    [limit] => 100
)

====End Log====


2020-05-01T20:52:42+00:00 DEBUG 
====Stripe Version: 4.3.3====
====Start Log====
customers/cus_H8m2lHrLRQY5km/sources request: Array
(
    [limit] => 100
)

====End Log====


2020-05-01T20:52:42+00:00 DEBUG 
====Stripe Version: 4.3.3====
====Start Log====
customers/cus_H8m2lHrLRQY5km/sources request: Array
(
    [limit] => 100
)

====End Log====


2020-05-01T20:52:49+00:00 DEBUG 
====Stripe Version: 4.3.3====
====Start Log====
customers/cus_H8m2lHrLRQY5km/sources request: Array
(
    [limit] => 100
)

====End Log====


2020-05-01T20:52:50+00:00 DEBUG 
====Stripe Version: 4.3.3====
====Start Log====
customers/cus_H8m2lHrLRQY5km/sources request: Array
(
    [limit] => 100
)

====End Log====


2020-05-01T20:53:40+00:00 DEBUG 
====Stripe Version: 4.3.3====
====Start Log====
customers/cus_H8m2lHrLRQY5km/sources request: Array
(
    [limit] => 100
)

====End Log====


2020-05-01T20:53:40+00:00 DEBUG 
====Stripe Version: 4.3.3====
====Start Log====
customers/cus_H8m2lHrLRQY5km/sources request: Array
(
    [limit] => 100
)

====End Log====


2020-05-01T20:53:42+00:00 DEBUG 
====Stripe Version: 4.3.3====
====Start Log====
customers/cus_H8m2lHrLRQY5km/sources request: Array
(
    [limit] => 100
)

====End Log====


2020-05-01T20:53:42+00:00 DEBUG 
====Stripe Version: 4.3.3====
====Start Log====
customers/cus_H8m2lHrLRQY5km/sources request: Array
(
    [limit] => 100
)

====End Log====


2020-05-01T20:54:17+00:00 DEBUG 
====Stripe Version: 4.3.3====
====Start Log====
customers/cus_H8m2lHrLRQY5km/sources request: Array
(
    [limit] => 100
)

====End Log====


2020-05-01T20:54:17+00:00 DEBUG 
====Stripe Version: 4.3.3====
====Start Log====
customers/cus_H8m2lHrLRQY5km/sources request: Array
(
    [limit] => 100
)

====End Log====


2020-05-01T20:54:19+00:00 DEBUG 
====Stripe Version: 4.3.3====
====Start Log====
customers/cus_H8m2lHrLRQY5km/sources request: Array
(
    [limit] => 100
)

====End Log====


2020-05-01T20:54:19+00:00 DEBUG 
====Stripe Version: 4.3.3====
====Start Log====
customers/cus_H8m2lHrLRQY5km/sources request: Array
(
    [limit] => 100
)

====End Log====


2020-05-01T20:54:40+00:00 DEBUG 
====Stripe Version: 4.3.3====
====Start Log====
customers/cus_H8m2lHrLRQY5km/sources request: Array
(
    [limit] => 100
)

====End Log====


2020-05-01T20:54:41+00:00 DEBUG 
====Stripe Version: 4.3.3====
====Start Log====
customers/cus_H8m2lHrLRQY5km/sources request: Array
(
    [limit] => 100
)

====End Log====


2020-05-01T20:54:47+00:00 DEBUG 
====Stripe Version: 4.3.3====
====Start Log====
customers/cus_H8m2lHrLRQY5km/sources request: Array
(
    [limit] => 100
)

====End Log====


2020-05-01T20:54:47+00:00 DEBUG 
====Stripe Version: 4.3.3====
====Start Log====
customers/cus_H8m2lHrLRQY5km/sources request: Array
(
    [limit] => 100
)

====End Log====


2020-05-01T20:54:56+00:00 DEBUG 
====Stripe Version: 4.3.3====
====Start Log====
customers/cus_H8m2lHrLRQY5km/sources request: Array
(
    [limit] => 100
)

====End Log====


2020-05-01T20:54:57+00:00 DEBUG 
====Stripe Version: 4.3.3====
====Start Log====
customers/cus_H8m2lHrLRQY5km/sources request: Array
(
    [limit] => 100
)

====End Log====


2020-05-01T20:55:04+00:00 DEBUG 
====Stripe Version: 4.3.3====
====Start Log====
customers/cus_H8m2lHrLRQY5km/sources request: Array
(
    [limit] => 100
)

====End Log====


2020-05-01T20:55:05+00:00 DEBUG 
====Stripe Version: 4.3.3====
====Start Log====
customers/cus_H8m2lHrLRQY5km/sources request: Array
(
    [limit] => 100
)

====End Log====


2020-05-01T20:55:27+00:00 DEBUG 
====Stripe Version: 4.3.3====
====Start Log====
customers/cus_H8m2lHrLRQY5km/sources request: Array
(
    [limit] => 100
)

====End Log====


2020-05-01T20:55:28+00:00 DEBUG 
====Stripe Version: 4.3.3====
====Start Log====
customers/cus_H8m2lHrLRQY5km/sources request: Array
(
    [limit] => 100
)

====End Log====


2020-05-01T20:56:10+00:00 DEBUG 
====Stripe Version: 4.3.3====
====Start Log====
customers/cus_H8m2lHrLRQY5km/sources request: Array
(
    [limit] => 100
)

====End Log====


2020-05-01T20:56:11+00:00 DEBUG 
====Stripe Version: 4.3.3====
====Start Log====
customers/cus_H8m2lHrLRQY5km/sources request: Array
(
    [limit] => 100
)

====End Log====


2020-05-01T20:56:13+00:00 DEBUG 
====Stripe Version: 4.3.3====
====Start Log====
customers/cus_H8m2lHrLRQY5km/sources request: Array
(
    [limit] => 100
)

====End Log====


2020-05-01T20:56:13+00:00 DEBUG 
====Stripe Version: 4.3.3====
====Start Log====
customers/cus_H8m2lHrLRQY5km/sources request: Array
(
    [limit] => 100
)

====End Log====


2020-05-01T20:57:01+00:00 DEBUG 
====Stripe Version: 4.3.3====
====Start Log====
customers/cus_H8m2lHrLRQY5km/sources request: Array
(
    [limit] => 100
)

====End Log====


2020-05-01T20:57:01+00:00 DEBUG 
====Stripe Version: 4.3.3====
====Start Log====
customers/cus_H8m2lHrLRQY5km/sources request: Array
(
    [limit] => 100
)

====End Log====


2020-05-01T20:57:03+00:00 DEBUG 
====Stripe Version: 4.3.3====
====Start Log====
customers/cus_H8m2lHrLRQY5km/sources request: Array
(
    [limit] => 100
)

====End Log====


2020-05-01T20:57:03+00:00 DEBUG 
====Stripe Version: 4.3.3====
====Start Log====
customers/cus_H8m2lHrLRQY5km/sources request: Array
(
    [limit] => 100
)

====End Log====


2020-05-01T20:57:10+00:00 DEBUG 
====Stripe Version: 4.3.3====
====Start Log====
customers/cus_H8m2lHrLRQY5km/sources request: Array
(
    [limit] => 100
)

====End Log====


2020-05-01T20:57:11+00:00 DEBUG 
====Stripe Version: 4.3.3====
====Start Log====
customers/cus_H8m2lHrLRQY5km/sources request: Array
(
    [limit] => 100
)

====End Log====


2020-05-01T20:58:18+00:00 DEBUG 
====Stripe Version: 4.3.3====
====Start Log====
customers/cus_H8m2lHrLRQY5km/sources request: Array
(
    [limit] => 100
)

====End Log====


2020-05-01T20:58:18+00:00 DEBUG 
====Stripe Version: 4.3.3====
====Start Log====
customers/cus_H8m2lHrLRQY5km/sources request: Array
(
    [limit] => 100
)

====End Log====


2020-05-01T20:58:20+00:00 DEBUG 
====Stripe Version: 4.3.3====
====Start Log====
customers/cus_H8m2lHrLRQY5km/sources request: Array
(
    [limit] => 100
)

====End Log====


2020-05-01T20:58:21+00:00 DEBUG 
====Stripe Version: 4.3.3====
====Start Log====
customers/cus_H8m2lHrLRQY5km/sources request: Array
(
    [limit] => 100
)

====End Log====


2020-05-01T20:59:04+00:00 DEBUG 
====Stripe Version: 4.3.3====
====Start Log====
customers/cus_H8m2lHrLRQY5km/sources request: Array
(
    [limit] => 100
)

====End Log====


2020-05-01T20:59:04+00:00 DEBUG 
====Stripe Version: 4.3.3====
====Start Log====
customers/cus_H8m2lHrLRQY5km/sources request: Array
(
    [limit] => 100
)

====End Log====


2020-05-01T20:59:06+00:00 DEBUG 
====Stripe Version: 4.3.3====
====Start Log====
customers/cus_H8m2lHrLRQY5km/sources request: Array
(
    [limit] => 100
)

====End Log====


2020-05-01T20:59:06+00:00 DEBUG 
====Stripe Version: 4.3.3====
====Start Log====
customers/cus_H8m2lHrLRQY5km/sources request: Array
(
    [limit] => 100
)

====End Log====


2020-05-01T20:59:13+00:00 DEBUG 
====Stripe Version: 4.3.3====
====Start Log====
customers/cus_H8m2lHrLRQY5km/sources request: Array
(
    [limit] => 100
)

====End Log====


2020-05-01T20:59:14+00:00 DEBUG 
====Stripe Version: 4.3.3====
====Start Log====
customers/cus_H8m2lHrLRQY5km/sources request: Array
(
    [limit] => 100
)

====End Log====


2020-05-01T20:59:25+00:00 DEBUG 
====Stripe Version: 4.3.3====
====Start Log====
customers/cus_H8m2lHrLRQY5km/sources request: Array
(
    [limit] => 100
)

====End Log====


2020-05-01T20:59:25+00:00 DEBUG 
====Stripe Version: 4.3.3====
====Start Log====
customers/cus_H8m2lHrLRQY5km/sources request: Array
(
    [limit] => 100
)

====End Log====


2020-05-01T20:59:32+00:00 DEBUG 
====Stripe Version: 4.3.3====
====Start Log====
customers/cus_H8m2lHrLRQY5km/sources request: Array
(
    [limit] => 100
)

====End Log====


2020-05-01T20:59:32+00:00 DEBUG 
====Stripe Version: 4.3.3====
====Start Log====
customers/cus_H8m2lHrLRQY5km/sources request: Array
(
    [limit] => 100
)

====End Log====


2020-05-01T20:59:54+00:00 DEBUG 
====Stripe Version: 4.3.3====
====Start Log====
customers/cus_H8m2lHrLRQY5km/sources request: Array
(
    [limit] => 100
)

====End Log====


2020-05-01T20:59:54+00:00 DEBUG 
====Stripe Version: 4.3.3====
====Start Log====
customers/cus_H8m2lHrLRQY5km/sources request: Array
(
    [limit] => 100
)

====End Log====


2020-05-01T20:59:59+00:00 DEBUG 
====Stripe Version: 4.3.3====
====Start Log====
customers/cus_H8m2lHrLRQY5km/sources request: Array
(
    [limit] => 100
)

====End Log====


2020-05-01T20:59:59+00:00 DEBUG 
====Stripe Version: 4.3.3====
====Start Log====
customers/cus_H8m2lHrLRQY5km/sources request: Array
(
    [limit] => 100
)

====End Log====


2020-05-01T21:00:23+00:00 DEBUG 
====Stripe Version: 4.3.3====
====Start Log====
customers/cus_H8m2lHrLRQY5km/sources request: Array
(
    [limit] => 100
)

====End Log====


2020-05-01T21:00:23+00:00 DEBUG 
====Stripe Version: 4.3.3====
====Start Log====
customers/cus_H8m2lHrLRQY5km/sources request: Array
(
    [limit] => 100
)

====End Log====


2020-05-01T21:02:50+00:00 DEBUG 
====Stripe Version: 4.3.3====
====Start Log====
customers/cus_H8m2lHrLRQY5km/sources request: Array
(
    [limit] => 100
)

====End Log====


2020-05-01T21:02:50+00:00 DEBUG 
====Stripe Version: 4.3.3====
====Start Log====
customers/cus_H8m2lHrLRQY5km/sources request: Array
(
    [limit] => 100
)

====End Log====


2020-05-01T21:02:52+00:00 DEBUG 
====Stripe Version: 4.3.3====
====Start Log====
customers/cus_H8m2lHrLRQY5km/sources request: Array
(
    [limit] => 100
)

====End Log====


2020-05-01T21:02:53+00:00 DEBUG 
====Stripe Version: 4.3.3====
====Start Log====
customers/cus_H8m2lHrLRQY5km/sources request: Array
(
    [limit] => 100
)

====End Log====


2020-05-01T21:03:00+00:00 DEBUG 
====Stripe Version: 4.3.3====
====Start Log====
customers/cus_H8m2lHrLRQY5km/sources request: Array
(
    [limit] => 100
)

====End Log====


2020-05-01T21:03:00+00:00 DEBUG 
====Stripe Version: 4.3.3====
====Start Log====
customers/cus_H8m2lHrLRQY5km/sources request: Array
(
    [limit] => 100
)

====End Log====


2020-05-01T21:27:50+00:00 DEBUG 
====Stripe Version: 4.3.3====
====Start Log====
customers/cus_H8m2lHrLRQY5km/sources request: Array
(
    [limit] => 100
)

====End Log====


2020-05-01T21:27:50+00:00 DEBUG 
====Stripe Version: 4.3.3====
====Start Log====
customers/cus_H8m2lHrLRQY5km/sources request: Array
(
    [limit] => 100
)

====End Log====


2020-05-01T21:27:54+00:00 DEBUG 
====Stripe Version: 4.3.3====
====Start Log====
customers/cus_H8m2lHrLRQY5km/sources request: Array
(
    [limit] => 100
)

====End Log====


2020-05-01T21:27:54+00:00 DEBUG 
====Stripe Version: 4.3.3====
====Start Log====
customers/cus_H8m2lHrLRQY5km/sources request: Array
(
    [limit] => 100
)

====End Log====


2020-05-01T21:28:46+00:00 DEBUG 
====Stripe Version: 4.3.3====
====Start Log====
customers/cus_H8m2lHrLRQY5km/sources request: Array
(
    [limit] => 100
)

====End Log====


2020-05-01T21:28:46+00:00 DEBUG 
====Stripe Version: 4.3.3====
====Start Log====
customers/cus_H8m2lHrLRQY5km/sources request: Array
(
    [limit] => 100
)

====End Log====


2020-05-01T21:28:48+00:00 DEBUG 
====Stripe Version: 4.3.3====
====Start Log====
customers/cus_H8m2lHrLRQY5km/sources request: Array
(
    [limit] => 100
)

====End Log====


2020-05-01T21:28:49+00:00 DEBUG 
====Stripe Version: 4.3.3====
====Start Log====
customers/cus_H8m2lHrLRQY5km/sources request: Array
(
    [limit] => 100
)

====End Log====


2020-05-01T21:52:42+00:00 DEBUG 
====Stripe Version: 4.3.3====
====Start Log====
customers/cus_H8m2lHrLRQY5km/sources request: Array
(
    [limit] => 100
)

====End Log====


2020-05-01T21:52:42+00:00 DEBUG 
====Stripe Version: 4.3.3====
====Start Log====
customers/cus_H8m2lHrLRQY5km/sources request: Array
(
    [limit] => 100
)

====End Log====


2020-05-01T21:52:44+00:00 DEBUG 
====Stripe Version: 4.3.3====
====Start Log====
customers/cus_H8m2lHrLRQY5km/sources request: Array
(
    [limit] => 100
)

====End Log====


2020-05-01T21:52:45+00:00 DEBUG 
====Stripe Version: 4.3.3====
====Start Log====
customers/cus_H8m2lHrLRQY5km/sources request: Array
(
    [limit] => 100
)

====End Log====


2020-05-01T21:53:45+00:00 DEBUG 
====Stripe Version: 4.3.3====
====Start Log====
customers/cus_H8m2lHrLRQY5km/sources request: Array
(
    [limit] => 100
)

====End Log====


2020-05-01T21:53:45+00:00 DEBUG 
====Stripe Version: 4.3.3====
====Start Log====
customers/cus_H8m2lHrLRQY5km/sources request: Array
(
    [limit] => 100
)

====End Log====


2020-05-01T21:53:47+00:00 DEBUG 
====Stripe Version: 4.3.3====
====Start Log====
customers/cus_H8m2lHrLRQY5km/sources request: Array
(
    [limit] => 100
)

====End Log====


2020-05-01T21:53:47+00:00 DEBUG 
====Stripe Version: 4.3.3====
====Start Log====
customers/cus_H8m2lHrLRQY5km/sources request: Array
(
    [limit] => 100
)

====End Log====


2020-05-01T21:54:13+00:00 DEBUG 
====Stripe Version: 4.3.3====
====Start Log====
customers/cus_H8m2lHrLRQY5km/sources request: Array
(
    [limit] => 100
)

====End Log====


2020-05-01T21:54:13+00:00 DEBUG 
====Stripe Version: 4.3.3====
====Start Log====
customers/cus_H8m2lHrLRQY5km/sources request: Array
(
    [limit] => 100
)

====End Log====


2020-05-01T21:55:44+00:00 DEBUG 
====Stripe Version: 4.3.3====
====Start Log====
customers/cus_H8m2lHrLRQY5km/sources request: Array
(
    [limit] => 100
)

====End Log====


2020-05-01T21:55:45+00:00 DEBUG 
====Stripe Version: 4.3.3====
====Start Log====
customers/cus_H8m2lHrLRQY5km/sources request: Array
(
    [limit] => 100
)

====End Log====


